2023-04-15 14:58:09 ============== Task Start ===============
2023-04-15 14:58:09 | 1 Failed: prashant@webartvisoon.com already existed
2023-04-15 14:58:09 | 2 Failed: pradeep@webartvision.com already existed
2023-04-15 14:58:09 | 3 Failed: prashant@webartvisoon.com already existed
2023-04-15 14:58:09 | 4 Failed: pradeep@webartvision.com already existed
2023-04-15 14:58:09 | 5 Failed: prashant@webartvisoon.com already existed
2023-04-15 14:58:09 | 6 Failed: pradeep@webartvision.com already existed
2023-04-15 14:58:09 | 7 Failed: prashant@webartvisoon.com already existed
2023-04-15 14:58:09 | 8 Failed: pradeep@webartvision.com already existed
2023-04-15 14:58:09 | 9 Failed: prashant@webartvisoon.com already existed
2023-04-15 14:58:09 | 10 Failed: pradeep@webartvision.com already existed
2023-04-15 14:58:09 ================== End ==================

2023-04-15 15:06:00 ============== Task Start ===============
2023-04-15 15:06:00 | 1 Success: prashant@webartvisoon.com imported successfully
2023-04-15 15:06:00 | 2 Success: pradeep@webartvision.com imported successfully
2023-04-15 15:06:00 | 3 Failed: prashant@webartvisoon.com already existed
2023-04-15 15:06:00 | 4 Failed: pradeep@webartvision.com already existed
2023-04-15 15:06:00 | 5 Failed: prashant@webartvisoon.com already existed
2023-04-15 15:06:00 | 6 Failed: pradeep@webartvision.com already existed
2023-04-15 15:06:00 | 7 Failed: prashant@webartvisoon.com already existed
2023-04-15 15:06:00 | 8 Failed: pradeep@webartvision.com already existed
2023-04-15 15:06:00 | 9 Failed: prashant@webartvisoon.com already existed
2023-04-15 15:06:00 | 10 Failed: pradeep@webartvision.com already existed
2023-04-15 15:06:00 ================== End ==================

2023-04-15 15:07:40 ============== Task Start ===============
2023-04-15 15:07:40 | 1 Failed: prashant@webartvisoon.com already existed
2023-04-15 15:07:40 | 2 Failed: pradeep@webartvision.com already existed
2023-04-15 15:07:40 | 3 Failed: prashant@webartvisoon.com already existed
2023-04-15 15:07:40 | 4 Failed: pradeep@webartvision.com already existed
2023-04-15 15:07:40 | 5 Failed: prashant@webartvisoon.com already existed
2023-04-15 15:07:40 | 6 Failed: pradeep@webartvision.com already existed
2023-04-15 15:07:40 | 7 Failed: prashant@webartvisoon.com already existed
2023-04-15 15:07:40 | 8 Failed: pradeep@webartvision.com already existed
2023-04-15 15:07:40 | 9 Failed: prashant@webartvisoon.com already existed
2023-04-15 15:07:40 | 10 Failed: pradeep@webartvision.com already existed
2023-04-15 15:07:40 ================== End ==================

